[debug] [2024-07-16T06:18:16.619Z] ----------------------------------------------------------------------
[debug] [2024-07-16T06:18:16.622Z] Command:       C:\Program Files\nodejs\node.exe C:\Users\vroberts.VISTAPRINTUS\AppData\Roaming\npm\node_modules\firebase-tools\lib\bin\firebase.js init functions
[debug] [2024-07-16T06:18:16.622Z] CLI Version:   13.13.2
[debug] [2024-07-16T06:18:16.623Z] Platform:      win32
[debug] [2024-07-16T06:18:16.623Z] Node Version:  v20.15.1
[debug] [2024-07-16T06:18:16.623Z] Time:          Tue Jul 16 2024 02:18:16 GMT-0400 (Eastern Daylight Time)
[debug] [2024-07-16T06:18:16.623Z] ----------------------------------------------------------------------
[debug] 
[debug] [2024-07-16T06:18:16.626Z] >>> [apiv2][query] GET https://firebase-public.firebaseio.com/cli.json [none]
[debug] [2024-07-16T06:18:16.672Z] > refreshing access token with scopes: []
[debug] [2024-07-16T06:18:16.673Z] >>> [apiv2][query] POST https://www.googleapis.com/oauth2/v3/token [none]
[debug] [2024-07-16T06:18:16.673Z] >>> [apiv2][body] POST https://www.googleapis.com/oauth2/v3/token [omitted]
[debug] [2024-07-16T06:18:16.896Z] <<< [apiv2][status] POST https://www.googleapis.com/oauth2/v3/token 200
[debug] [2024-07-16T06:18:16.896Z] <<< [apiv2][body] POST https://www.googleapis.com/oauth2/v3/token [omitted]
[debug] [2024-07-16T06:18:16.912Z] > command requires scopes: ["email","openid","https://www.googleapis.com/auth/cloudplatformprojects.readonly","https://www.googleapis.com/auth/firebase","https://www.googleapis.com/auth/cloud-platform"]
[debug] [2024-07-16T06:18:16.912Z] > authorizing via signed-in user (vincarl77@gmail.com)
[info] 
     ######## #### ########  ######## ########     ###     ######  ########
     ##        ##  ##     ## ##       ##     ##  ##   ##  ##       ##
     ######    ##  ########  ######   ########  #########  ######  ######
     ##        ##  ##    ##  ##       ##     ## ##     ##       ## ##
     ##       #### ##     ## ######## ########  ##     ##  ######  ########

You're about to initialize a Firebase project in this directory:

  C:\Users\vroberts.VISTAPRINTUS\myreacts\adkemisweb

[debug] [2024-07-16T06:18:16.959Z] <<< [apiv2][status] GET https://firebase-public.firebaseio.com/cli.json 200
[debug] [2024-07-16T06:18:16.960Z] <<< [apiv2][body] GET https://firebase-public.firebaseio.com/cli.json {"cloudBuildErrorAfter":1594252800000,"cloudBuildWarnAfter":1590019200000,"defaultNode10After":1594252800000,"minVersion":"3.0.5","node8DeploysDisabledAfter":1613390400000,"node8RuntimeDisabledAfter":1615809600000,"node8WarnAfter":1600128000000}
[info] 
=== Project Setup
[info] 
[info] First, let's associate this project directory with a Firebase project.
[info] You can create multiple project aliases by running firebase use --add, 
[info] but for now we'll just set up a default project.
[info] 
